<?xml version="1.0" encoding="UTF-8"?>
<!-- Generated by org.testng.reporters.JUnitReportReporter -->
<testsuite hostname="LAPTOP-58KVVUOH" failures="0" tests="1" name="com.RediffLogin.NewTest" time="7.824" errors="0" timestamp="2022-03-30T08:48:03 IST" skipped="0">
  <testcase classname="com.RediffLogin.NewTest" name="Login" time="7.824"/>
  <system-out/>
</testsuite> <!-- com.RediffLogin.NewTest -->
